2025-03-16 12:39:06,751 - Starting to extract responses from transcript of length: 1870
2025-03-16 12:39:06,766 - First 300 chars of transcript: Interviewer: Can you tell me about a time when you had to analyze a complex data set?

Speaker 2: Interviewee: Yeah, sure.

Speaker 2: Interviewee: So, my previous company, the Data Tech Solution, I was faced with a challenging project analyzing customer churn data spanning over three years with ove
2025-03-16 12:39:06,766 - Sample lines for pattern detection: ['Interviewer: Can you tell me about a time when you had to analyze a complex data set?', 'Speaker 2: Interviewee: Yeah, sure.', 'Speaker 2: Interviewee: So, my previous company, the Data Tech Solution, I was faced with a challenging project analyzing customer churn data spanning over three years with over 50 variables and 200,000 records overall.', 'Speaker 2: Interviewee: particularly difficult for me to work with. My responsibility was to identify the key factors for driving the customer attrition and develop an actionable recommendation to reduce it.', 'Speaker 2: Interviewee: I approached this problem methodically and by first cleaning the data using Python and Pardas and I am using the computation technique for the missing values by filling up with mean values and mean and mode values.']
2025-03-16 12:39:06,767 - Processing line: Interviewer: Can you tell me about a time when you
2025-03-16 12:39:06,767 - Found interviewer line
2025-03-16 12:39:06,767 - Processing line: Speaker 2: Interviewee: Yeah, sure.
2025-03-16 12:39:06,768 - Processing line: Speaker 2: Interviewee: So, my previous company, t
2025-03-16 12:39:06,768 - Processing line: Speaker 2: Interviewee: particularly difficult for
2025-03-16 12:39:06,768 - Processing line: Speaker 2: Interviewee: I approached this problem 
2025-03-16 12:39:06,769 - Processing line: Speaker 2: Interviewee: I then conducted an explor
2025-03-16 12:39:06,769 - Processing line: Speaker 2: Interviewee: Applied statistical method
2025-03-16 12:39:06,769 - Processing line: Speaker 2: Interviewee: So, this analysis revealed
2025-03-16 12:39:06,769 - Processing line: Speaker 2: Interviewee: And that translated to app
2025-03-16 12:39:06,769 - Processing line: Speaker 2: Interviewee: So, yeah, that was my one 
2025-03-16 12:39:06,769 - Processing line: Speaker 2: Interviewee: And I'm not sure.
2025-03-16 12:39:06,769 - No structured responses found, using entire transcript as one response
2025-03-16 12:39:06,769 - Extracted 1 responses total
2025-03-16 12:39:06,922 - Starting to extract responses from transcript of length: 1851
2025-03-16 12:39:06,922 - First 300 chars of transcript: Interviewer: Can you tell me about a time when you had to analyze a complex data set?

Speaker 2: Interviewee: Yeah, sure.

Speaker 2: Interviewee: So, my previous company, [ORG], I was faced with a challenging project analyzing customer churn data spanning over three years with over 50 variables an
2025-03-16 12:39:06,922 - Sample lines for pattern detection: ['Interviewer: Can you tell me about a time when you had to analyze a complex data set?', 'Speaker 2: Interviewee: Yeah, sure.', 'Speaker 2: Interviewee: So, my previous company, [ORG], I was faced with a challenging project analyzing customer churn data spanning over three years with over 50 variables and 200,000 records overall.', 'Speaker 2: Interviewee: particularly difficult for me to work with. My responsibility was to identify the key factors for driving the customer attrition and develop an actionable recommendation to reduce it.', 'Speaker 2: Interviewee: I approached this problem methodically and by first cleaning the data using [ORG] and [PERSON] and I am using the computation technique for the missing values by filling up with mean values and mean and mode values.']
2025-03-16 12:39:06,923 - Processing line: Interviewer: Can you tell me about a time when you
2025-03-16 12:39:06,923 - Found interviewer line
2025-03-16 12:39:06,923 - Processing line: Speaker 2: Interviewee: Yeah, sure.
2025-03-16 12:39:06,923 - Processing line: Speaker 2: Interviewee: So, my previous company, [
2025-03-16 12:39:06,923 - Processing line: Speaker 2: Interviewee: particularly difficult for
2025-03-16 12:39:06,923 - Processing line: Speaker 2: Interviewee: I approached this problem 
2025-03-16 12:39:06,923 - Processing line: Speaker 2: Interviewee: I then conducted an explor
2025-03-16 12:39:06,923 - Processing line: Speaker 2: Interviewee: Applied statistical method
2025-03-16 12:39:06,923 - Processing line: Speaker 2: Interviewee: So, this analysis revealed
2025-03-16 12:39:06,923 - Processing line: Speaker 2: Interviewee: And that translated to app
2025-03-16 12:39:06,923 - Processing line: Speaker 2: Interviewee: So, yeah, that was my one 
2025-03-16 12:39:06,923 - Processing line: Speaker 2: Interviewee: And I'm not sure.
2025-03-16 12:39:06,923 - No structured responses found, using entire transcript as one response
2025-03-16 12:39:06,924 - Extracted 1 responses total
2025-03-16 12:39:06,930 - Starting new HTTP connection (1): localhost:3001
2025-03-16 12:39:08,953 - http://localhost:3001 "GET /api/v1/auth HTTP/1.1" 200 22
2025-03-16 12:39:08,956 - Starting new HTTP connection (1): localhost:3001
2025-03-16 12:40:19,791 - http://localhost:3001 "POST /api/v1/workspace/talentsight/chat HTTP/1.1" 200 2543
